android/app/build/intermediates/manifest_merge_blame_file/debug/manifest-merger-blame-debug-report.txt
1<?xml version="1.0" encoding="utf-8"?>
2<manifest xmlns:android="http://schemas.android.com/apk/res/android"
3    package="com.eparkingchallanapp"
4    android:versionCode="1"
5    android:versionName="1.0" >
6
7    <uses-sdk
8        android:minSdkVersion="19"
9        android:targetSdkVersion="29" />
10
11    <uses-permission android:name="android.permission.SYSTEM_ALERT_WINDOW" />
11-->src\debug\AndroidManifest.xml:5:5-77
11-->src\debug\AndroidManifest.xml:5:22-75
12    <uses-permission android:name="android.permission.INTERNET" />
12-->src\main\AndroidManifest.xml:6:5-67
12-->src\main\AndroidManifest.xml:6:22-64
13    <uses-permission android:name="android.permission.CAMERA" />
13-->src\main\AndroidManifest.xml:7:9-69
13-->src\main\AndroidManifest.xml:7:26-66
14    <uses-permission android:name="android.permission.READ_EXTERNAL_STORAGE" />
14-->src\main\AndroidManifest.xml:8:9-84
14-->src\main\AndroidManifest.xml:8:26-81
15    <uses-permission android:name="android.permission.WRITE_EXTERNAL_STORAGE" />
15-->src\main\AndroidManifest.xml:9:9-85
15-->src\main\AndroidManifest.xml:9:26-82
16    <uses-permission android:name="android.permission.RECORD_AUDIO" />
16-->src\main\AndroidManifest.xml:10:9-75
16-->src\main\AndroidManifest.xml:10:26-72
17    <uses-permission android:name="android.permission.ACCESS_FINE_LOCATION" />
17-->src\main\AndroidManifest.xml:11:9-83
17-->src\main\AndroidManifest.xml:11:26-80
18    <uses-permission android:name="android.permission.ACCESS_WIFI_STATE" />
18-->[com.facebook.flipper:flipper:0.54.0] AndroidManifest.xml:16:5-76
18-->[com.facebook.flipper:flipper:0.54.0] AndroidManifest.xml:16:22-73
19    <uses-permission android:name="android.permission.ACCESS_COARSE_LOCATION" />
19-->[:react-native-maps] AndroidManifest.xml:10:5-81
19-->[:react-native-maps] AndroidManifest.xml:10:22-78
20
21    <uses-feature
21-->[:react-native-camera] AndroidManifest.xml:11:5-13:36
22        android:name="android.hardware.camera"
22-->[:react-native-camera] AndroidManifest.xml:12:9-47
23        android:required="false" />
23-->[:react-native-camera] AndroidManifest.xml:13:9-33
24    <uses-feature
24-->[:react-native-camera] AndroidManifest.xml:14:5-16:36
25        android:name="android.hardware.camera.autofocus"
25-->[:react-native-camera] AndroidManifest.xml:15:9-57
26        android:required="false" />
26-->[:react-native-camera] AndroidManifest.xml:16:9-33
27
28    <queries>
28-->[:react-native-image-crop-picker] AndroidManifest.xml:10:5-14:15
29        <intent>
29-->[:react-native-image-crop-picker] AndroidManifest.xml:11:9-13:18
30            <action android:name="android.media.action.IMAGE_CAPTURE" />
30-->[:react-native-image-crop-picker] AndroidManifest.xml:12:13-73
30-->[:react-native-image-crop-picker] AndroidManifest.xml:12:21-70
31        </intent>
32    </queries> <!-- Include required permissions for Google Maps API to run. -->
33    <uses-permission android:name="android.permission.ACCESS_NETWORK_STATE" />
33-->[com.google.android.gms:play-services-maps:17.0.0] AndroidManifest.xml:23:5-79
33-->[com.google.android.gms:play-services-maps:17.0.0] AndroidManifest.xml:23:22-76
34
35    <uses-feature
35-->[com.google.android.gms:play-services-maps:17.0.0] AndroidManifest.xml:26:5-28:35
36        android:glEsVersion="0x00020000"
36-->[com.google.android.gms:play-services-maps:17.0.0] AndroidManifest.xml:27:9-41
37        android:required="true" />
37-->[com.google.android.gms:play-services-maps:17.0.0] AndroidManifest.xml:28:9-32
38
39    <uses-permission android:name="android.permission.WAKE_LOCK" /> <!-- Required by older versions of Google Play services to create IID tokens -->
39-->[com.google.firebase:firebase-analytics:11.8.0] AndroidManifest.xml:25:5-68
39-->[com.google.firebase:firebase-analytics:11.8.0] AndroidManifest.xml:25:22-65
40    <uses-permission android:name="com.google.android.c2dm.permission.RECEIVE" />
40-->[com.google.firebase:firebase-iid:17.0.3] AndroidManifest.xml:26:5-82
40-->[com.google.firebase:firebase-iid:17.0.3] AndroidManifest.xml:26:22-79
41
42    <application
42-->src\main\AndroidManifest.xml:17:5-43:19
43        android:name="com.eparkingchallanapp.MainApplication"
43-->src\main\AndroidManifest.xml:18:7-38
44        android:allowBackup="false"
44-->src\main\AndroidManifest.xml:22:7-34
45        android:appComponentFactory="androidx.core.app.CoreComponentFactory"
45-->[androidx.core:core:1.1.0] AndroidManifest.xml:24:18-86
46        android:debuggable="true"
47        android:icon="@mipmap/ic_launcher"
47-->src\main\AndroidManifest.xml:20:7-41
48        android:label="@string/app_name"
48-->src\main\AndroidManifest.xml:19:7-39
49        android:requestLegacyExternalStorage="true"
49-->src\main\AndroidManifest.xml:24:7-50
50        android:roundIcon="@mipmap/ic_launcher_round"
50-->src\main\AndroidManifest.xml:21:7-52
51        android:theme="@style/AppTheme"
51-->src\main\AndroidManifest.xml:23:7-38
52        android:usesCleartextTraffic="true" >
52-->src\main\AndroidManifest.xml:25:7-42
53        <meta-data
53-->src\main\AndroidManifest.xml:28:8-30:63
54            android:name="com.google.android.geo.API_KEY"
54-->src\main\AndroidManifest.xml:29:6-51
55            android:value="AIzaSyACfn1uXWw9oqTI8m9FHBUlMTnX8qosfP8" />
55-->src\main\AndroidManifest.xml:30:6-61
56
57        <activity
57-->src\main\AndroidManifest.xml:31:7-41:18
58            android:name="com.eparkingchallanapp.MainActivity"
58-->src\main\AndroidManifest.xml:32:9-37
59            android:configChanges="keyboard|keyboardHidden|orientation|screenSize|uiMode"
59-->src\main\AndroidManifest.xml:34:9-86
60            android:label="@string/app_name"
60-->src\main\AndroidManifest.xml:33:9-41
61            android:launchMode="singleTask"
61-->src\main\AndroidManifest.xml:35:9-40
62            android:windowSoftInputMode="adjustPan" >
62-->src\main\AndroidManifest.xml:36:9-48
63            <intent-filter>
63-->src\main\AndroidManifest.xml:37:9-40:25
64                <action android:name="android.intent.action.MAIN" />
64-->src\main\AndroidManifest.xml:38:13-65
64-->src\main\AndroidManifest.xml:38:21-62
65
66                <category android:name="android.intent.category.LAUNCHER" />
66-->src\main\AndroidManifest.xml:39:13-73
66-->src\main\AndroidManifest.xml:39:23-70
67            </intent-filter>
68        </activity>
69        <activity android:name="com.facebook.react.devsupport.DevSettingsActivity" />
69-->src\main\AndroidManifest.xml:42:7-84
69-->src\main\AndroidManifest.xml:42:17-81
70        <activity
70-->[:tipsi-stripe] AndroidManifest.xml:12:9-16:75
71            android:name="com.gettipsi.stripe.OpenBrowserActivity"
71-->[:tipsi-stripe] AndroidManifest.xml:13:13-67
72            android:exported="false"
72-->[:tipsi-stripe] AndroidManifest.xml:14:13-37
73            android:launchMode="singleTask"
73-->[:tipsi-stripe] AndroidManifest.xml:15:13-44
74            android:theme="@android:style/Theme.Translucent.NoTitleBar" />
74-->[:tipsi-stripe] AndroidManifest.xml:16:13-72
75        <activity
75-->[:tipsi-stripe] AndroidManifest.xml:17:9-30:20
76            android:name="com.gettipsi.stripe.RedirectUriReceiver"
76-->[:tipsi-stripe] AndroidManifest.xml:18:13-67
77            android:exported="true"
77-->[:tipsi-stripe] AndroidManifest.xml:19:13-36
78            android:launchMode="singleTask"
78-->[:tipsi-stripe] AndroidManifest.xml:20:13-44
79            android:theme="@android:style/Theme.Translucent.NoTitleBar.Fullscreen" >
79-->[:tipsi-stripe] AndroidManifest.xml:21:13-83
80            <intent-filter>
80-->[:tipsi-stripe] AndroidManifest.xml:22:13-29:29
81                <action android:name="android.intent.action.VIEW" />
81-->[:tipsi-stripe] AndroidManifest.xml:23:17-69
81-->[:tipsi-stripe] AndroidManifest.xml:23:25-66
82
83                <category android:name="android.intent.category.DEFAULT" />
83-->[:tipsi-stripe] AndroidManifest.xml:25:17-76
83-->[:tipsi-stripe] AndroidManifest.xml:25:27-73
84                <category android:name="android.intent.category.BROWSABLE" />
84-->[:tipsi-stripe] AndroidManifest.xml:26:17-78
84-->[:tipsi-stripe] AndroidManifest.xml:26:27-75
85
86                <data android:scheme="example" />
86-->[:tipsi-stripe] AndroidManifest.xml:28:17-50
86-->[:tipsi-stripe] AndroidManifest.xml:28:23-47
87            </intent-filter>
88        </activity>
89
90        <provider
90-->[:react-native-image-crop-picker] AndroidManifest.xml:19:9-27:20
91            android:name="androidx.core.content.FileProvider"
91-->[:react-native-image-crop-picker] AndroidManifest.xml:20:13-62
92            android:authorities="com.eparkingchallanapp.provider"
92-->[:react-native-image-crop-picker] AndroidManifest.xml:21:13-60
93            android:exported="false"
93-->[:react-native-image-crop-picker] AndroidManifest.xml:22:13-37
94            android:grantUriPermissions="true" >
94-->[:react-native-image-crop-picker] AndroidManifest.xml:23:13-47
95            <meta-data
95-->[:react-native-image-crop-picker] AndroidManifest.xml:24:13-26:58
96                android:name="android.support.FILE_PROVIDER_PATHS"
96-->[:react-native-image-crop-picker] AndroidManifest.xml:25:17-67
97                android:resource="@xml/provider_paths" />
97-->[:react-native-image-crop-picker] AndroidManifest.xml:26:17-55
98        </provider>
99
100        <activity
100-->[:react-native-image-crop-picker] AndroidManifest.xml:29:9-31:72
101            android:name="com.yalantis.ucrop.UCropActivity"
101-->[:react-native-image-crop-picker] AndroidManifest.xml:30:13-60
102            android:theme="@style/Theme.AppCompat.Light.NoActionBar" />
102-->[:react-native-image-crop-picker] AndroidManifest.xml:31:13-69
103        <activity
103-->[com.stripe:stripe-android:10.4.6] AndroidManifest.xml:12:9-14:57
104            android:name="com.stripe.android.view.AddPaymentMethodActivity"
104-->[com.stripe:stripe-android:10.4.6] AndroidManifest.xml:13:13-76
105            android:theme="@style/StripeDefaultTheme" />
105-->[com.stripe:stripe-android:10.4.6] AndroidManifest.xml:14:13-54
106        <activity
106-->[com.stripe:stripe-android:10.4.6] AndroidManifest.xml:15:9-17:57
107            android:name="com.stripe.android.view.PaymentMethodsActivity"
107-->[com.stripe:stripe-android:10.4.6] AndroidManifest.xml:16:13-74
108            android:theme="@style/StripeDefaultTheme" />
108-->[com.stripe:stripe-android:10.4.6] AndroidManifest.xml:17:13-54
109        <activity
109-->[com.stripe:stripe-android:10.4.6] AndroidManifest.xml:18:9-20:57
110            android:name="com.stripe.android.view.PaymentFlowActivity"
110-->[com.stripe:stripe-android:10.4.6] AndroidManifest.xml:19:13-71
111            android:theme="@style/StripeDefaultTheme" />
111-->[com.stripe:stripe-android:10.4.6] AndroidManifest.xml:20:13-54
112        <activity
112-->[com.stripe:stripe-android:10.4.6] AndroidManifest.xml:21:9-23:57
113            android:name="com.stripe.android.view.PaymentAuthWebViewActivity"
113-->[com.stripe:stripe-android:10.4.6] AndroidManifest.xml:22:13-78
114            android:theme="@style/StripeDefaultTheme" />
114-->[com.stripe:stripe-android:10.4.6] AndroidManifest.xml:23:13-54
115        <activity
115-->[com.stripe:stripe-android:10.4.6] AndroidManifest.xml:24:9-26:57
116            android:name="com.stripe.android.view.PaymentRelayActivity"
116-->[com.stripe:stripe-android:10.4.6] AndroidManifest.xml:25:13-72
117            android:theme="@style/StripeDefaultTheme" />
117-->[com.stripe:stripe-android:10.4.6] AndroidManifest.xml:26:13-54
118        <activity
118-->[com.stripe:stripe-3ds2-android:1.2.2] AndroidManifest.xml:12:9-14:54
119            android:name="com.stripe.android.stripe3ds2.views.ChallengeActivity"
119-->[com.stripe:stripe-3ds2-android:1.2.2] AndroidManifest.xml:13:13-81
120            android:theme="@style/Stripe3DS2Theme" />
120-->[com.stripe:stripe-3ds2-android:1.2.2] AndroidManifest.xml:14:13-51
121        <activity
121-->[com.stripe:stripe-3ds2-android:1.2.2] AndroidManifest.xml:15:9-17:54
122            android:name="com.stripe.android.stripe3ds2.views.ChallengeProgressDialogActivity"
122-->[com.stripe:stripe-3ds2-android:1.2.2] AndroidManifest.xml:16:13-95
123            android:theme="@style/Stripe3DS2Theme" /> <!-- Needs to be explicitly declared on P+ -->
123-->[com.stripe:stripe-3ds2-android:1.2.2] AndroidManifest.xml:17:13-51
124        <uses-library
124-->[com.google.android.gms:play-services-maps:17.0.0] AndroidManifest.xml:33:9-35:40
125            android:name="org.apache.http.legacy"
125-->[com.google.android.gms:play-services-maps:17.0.0] AndroidManifest.xml:34:13-50
126            android:required="false" />
126-->[com.google.android.gms:play-services-maps:17.0.0] AndroidManifest.xml:35:13-37
127
128        <receiver
128-->[com.google.firebase:firebase-analytics:11.8.0] AndroidManifest.xml:28:9-32:20
129            android:name="com.google.android.gms.measurement.AppMeasurementReceiver"
129-->[com.google.firebase:firebase-analytics:11.8.0] AndroidManifest.xml:29:13-85
130            android:enabled="true"
130-->[com.google.firebase:firebase-analytics:11.8.0] AndroidManifest.xml:30:13-35
131            android:exported="false" >
131-->[com.google.firebase:firebase-analytics:11.8.0] AndroidManifest.xml:31:13-37
132        </receiver>
133        <receiver
133-->[com.google.firebase:firebase-analytics:11.8.0] AndroidManifest.xml:33:9-41:20
134            android:name="com.google.android.gms.measurement.AppMeasurementInstallReferrerReceiver"
134-->[com.google.firebase:firebase-analytics:11.8.0] AndroidManifest.xml:34:13-100
135            android:enabled="true"
135-->[com.google.firebase:firebase-analytics:11.8.0] AndroidManifest.xml:35:13-35
136            android:exported="true"
136-->[com.google.firebase:firebase-analytics:11.8.0] AndroidManifest.xml:36:13-36
137            android:permission="android.permission.INSTALL_PACKAGES" >
137-->[com.google.firebase:firebase-analytics:11.8.0] AndroidManifest.xml:37:13-69
138            <intent-filter>
138-->[com.google.firebase:firebase-analytics:11.8.0] AndroidManifest.xml:38:13-40:29
139                <action android:name="com.android.vending.INSTALL_REFERRER" />
139-->[com.google.firebase:firebase-analytics:11.8.0] AndroidManifest.xml:39:17-79
139-->[com.google.firebase:firebase-analytics:11.8.0] AndroidManifest.xml:39:25-76
140            </intent-filter>
141        </receiver>
142
143        <service
143-->[com.google.firebase:firebase-analytics:11.8.0] AndroidManifest.xml:43:9-46:40
144            android:name="com.google.android.gms.measurement.AppMeasurementService"
144-->[com.google.firebase:firebase-analytics:11.8.0] AndroidManifest.xml:44:13-84
145            android:enabled="true"
145-->[com.google.firebase:firebase-analytics:11.8.0] AndroidManifest.xml:45:13-35
146            android:exported="false" />
146-->[com.google.firebase:firebase-analytics:11.8.0] AndroidManifest.xml:46:13-37
147        <service
147-->[com.google.firebase:firebase-analytics:11.8.0] AndroidManifest.xml:47:9-51:72
148            android:name="com.google.android.gms.measurement.AppMeasurementJobService"
148-->[com.google.firebase:firebase-analytics:11.8.0] AndroidManifest.xml:48:13-87
149            android:enabled="true"
149-->[com.google.firebase:firebase-analytics:11.8.0] AndroidManifest.xml:49:13-35
150            android:exported="false"
150-->[com.google.firebase:firebase-analytics:11.8.0] AndroidManifest.xml:50:13-37
151            android:permission="android.permission.BIND_JOB_SERVICE" />
151-->[com.google.firebase:firebase-analytics:11.8.0] AndroidManifest.xml:51:13-69
152        <service
152-->[com.google.firebase:firebase-iid:17.0.3] AndroidManifest.xml:29:9-35:19
153            android:name="com.google.firebase.components.ComponentDiscoveryService"
153-->[com.google.firebase:firebase-iid:17.0.3] AndroidManifest.xml:30:13-84
154            android:exported="false" >
154-->[com.google.firebase:firebase-iid:17.0.3] AndroidManifest.xml:31:13-37
155            <meta-data
155-->[com.google.firebase:firebase-iid:17.0.3] AndroidManifest.xml:32:13-34:85
156                android:name="com.google.firebase.components:com.google.firebase.iid.Registrar"
156-->[com.google.firebase:firebase-iid:17.0.3] AndroidManifest.xml:33:17-96
157                android:value="com.google.firebase.components.ComponentRegistrar" />
157-->[com.google.firebase:firebase-iid:17.0.3] AndroidManifest.xml:34:17-82
158        </service>
159
160        <receiver
160-->[com.google.firebase:firebase-iid:17.0.3] AndroidManifest.xml:37:9-44:20
161            android:name="com.google.firebase.iid.FirebaseInstanceIdReceiver"
161-->[com.google.firebase:firebase-iid:17.0.3] AndroidManifest.xml:38:13-78
162            android:exported="true"
162-->[com.google.firebase:firebase-iid:17.0.3] AndroidManifest.xml:39:13-36
163            android:permission="com.google.android.c2dm.permission.SEND" >
163-->[com.google.firebase:firebase-iid:17.0.3] AndroidManifest.xml:40:13-73
164            <intent-filter>
164-->[com.google.firebase:firebase-iid:17.0.3] AndroidManifest.xml:41:13-43:29
165                <action android:name="com.google.android.c2dm.intent.RECEIVE" />
165-->[com.google.firebase:firebase-iid:17.0.3] AndroidManifest.xml:42:17-81
165-->[com.google.firebase:firebase-iid:17.0.3] AndroidManifest.xml:42:25-78
166            </intent-filter>
167        </receiver>
168        <!--
169             FirebaseInstanceIdService performs security checks at runtime,
170             no need for explicit permissions despite exported="true"
171        -->
172        <service
172-->[com.google.firebase:firebase-iid:17.0.3] AndroidManifest.xml:50:9-56:19
173            android:name="com.google.firebase.iid.FirebaseInstanceIdService"
173-->[com.google.firebase:firebase-iid:17.0.3] AndroidManifest.xml:51:13-77
174            android:exported="true" >
174-->[com.google.firebase:firebase-iid:17.0.3] AndroidManifest.xml:52:13-36
175            <intent-filter android:priority="-500" >
175-->[com.google.firebase:firebase-iid:17.0.3] AndroidManifest.xml:53:13-55:29
175-->[com.google.firebase:firebase-iid:17.0.3] AndroidManifest.xml:53:28-51
176                <action android:name="com.google.firebase.INSTANCE_ID_EVENT" />
176-->[com.google.firebase:firebase-iid:17.0.3] AndroidManifest.xml:54:17-80
176-->[com.google.firebase:firebase-iid:17.0.3] AndroidManifest.xml:54:25-77
177            </intent-filter>
178        </service>
179
180        <activity
180-->[com.google.android.gms:play-services-base:17.0.0] AndroidManifest.xml:23:9-26:75
181            android:name="com.google.android.gms.common.api.GoogleApiActivity"
181-->[com.google.android.gms:play-services-base:17.0.0] AndroidManifest.xml:24:13-79
182            android:exported="false"
182-->[com.google.android.gms:play-services-base:17.0.0] AndroidManifest.xml:25:13-37
183            android:theme="@android:style/Theme.Translucent.NoTitleBar" />
183-->[com.google.android.gms:play-services-base:17.0.0] AndroidManifest.xml:26:13-72
184
185        <provider
185-->[com.google.firebase:firebase-common:16.0.3] AndroidManifest.xml:10:9-14:39
186            android:name="com.google.firebase.provider.FirebaseInitProvider"
186-->[com.google.firebase:firebase-common:16.0.3] AndroidManifest.xml:11:13-77
187            android:authorities="com.eparkingchallanapp.firebaseinitprovider"
187-->[com.google.firebase:firebase-common:16.0.3] AndroidManifest.xml:12:13-72
188            android:exported="false"
188-->[com.google.firebase:firebase-common:16.0.3] AndroidManifest.xml:13:13-37
189            android:initOrder="100" />
189-->[com.google.firebase:firebase-common:16.0.3] AndroidManifest.xml:14:13-36
190
191        <meta-data
191-->[com.google.android.gms:play-services-basement:17.0.0] AndroidManifest.xml:23:9-25:69
192            android:name="com.google.android.gms.version"
192-->[com.google.android.gms:play-services-basement:17.0.0] AndroidManifest.xml:24:13-58
193            android:value="@integer/google_play_services_version" />
193-->[com.google.android.gms:play-services-basement:17.0.0] AndroidManifest.xml:25:13-66
194    </application>
195
196</manifest>